# lattice-best-path --lm-scale=13 --word-symbol-table=exp/tri1/graph/words.txt "ark:gunzip -c exp/tri1/decode/lat.*.gz|" ark,t:exp/tri1/decode/scoring/13.tra 
# Started at Sat Feb 25 12:27:39 UTC 2023
#
/opt/kaldi/kaldi/egs/digits/../../src/latbin/lattice-best-path --lm-scale=13 --word-symbol-table=exp/tri1/graph/words.txt 'ark:gunzip -c exp/tri1/decode/lat.*.gz|' ark,t:exp/tri1/decode/scoring/13.tra 
LOG (lattice-best-path[5.5.1013~1-d787]:main():lattice-best-path.cc:99) For utterance sung_test_utteranceID_0_9_8, best cost 332.752 + 22498 = 22830.8 over 310 frames.
sung_test_utteranceID_0_9_8 zero nine eight 
LOG (lattice-best-path[5.5.1013~1-d787]:main():lattice-best-path.cc:99) For utterance sung_test_utteranceID_1_0_9, best cost 338.355 + 26984.4 = 27322.7 over 357 frames.
sung_test_utteranceID_1_0_9 one zero nine 
LOG (lattice-best-path[5.5.1013~1-d787]:main():lattice-best-path.cc:99) For utterance sung_test_utteranceID_2_1_0, best cost 402.863 + 21418.6 = 21821.5 over 292 frames.
sung_test_utteranceID_2_1_0 three one zero 
LOG (lattice-best-path[5.5.1013~1-d787]:main():lattice-best-path.cc:99) For utterance sung_test_utteranceID_3_2_1, best cost 299.869 + 24212.3 = 24512.2 over 328 frames.
sung_test_utteranceID_3_2_1 three three one 
LOG (lattice-best-path[5.5.1013~1-d787]:main():lattice-best-path.cc:99) For utterance sung_test_utteranceID_4_3_2, best cost 351.96 + 22604 = 22955.9 over 303 frames.
sung_test_utteranceID_4_3_2 four two 
LOG (lattice-best-path[5.5.1013~1-d787]:main():lattice-best-path.cc:99) For utterance sung_test_utteranceID_5_4_3, best cost 374.006 + 20542.3 = 20916.3 over 274 frames.
sung_test_utteranceID_5_4_3 four five four 
LOG (lattice-best-path[5.5.1013~1-d787]:main():lattice-best-path.cc:99) For utterance sung_test_utteranceID_6_5_4, best cost 426.335 + 25796.6 = 26223 over 340 frames.
sung_test_utteranceID_6_5_4 six four five four 
LOG (lattice-best-path[5.5.1013~1-d787]:main():lattice-best-path.cc:99) For utterance sung_test_utteranceID_7_6_5, best cost 408.725 + 23282 = 23690.8 over 300 frames.
sung_test_utteranceID_7_6_5 seven six four five 
LOG (lattice-best-path[5.5.1013~1-d787]:main():lattice-best-path.cc:99) For utterance sung_test_utteranceID_8_7_6, best cost 378.409 + 28180.9 = 28559.3 over 369 frames.
sung_test_utteranceID_8_7_6 nine seven six 
LOG (lattice-best-path[5.5.1013~1-d787]:main():lattice-best-path.cc:99) For utterance sung_test_utteranceID_9_8_7, best cost 328.085 + 23038.7 = 23366.8 over 295 frames.
sung_test_utteranceID_9_8_7 nine seven 
LOG (lattice-best-path[5.5.1013~1-d787]:main():lattice-best-path.cc:124) Overall cost per frame is 76.4518 = 1.14942 [graph] + 75.3024 [acoustic] over 3168 frames.
LOG (lattice-best-path[5.5.1013~1-d787]:main():lattice-best-path.cc:128) Done 10 lattices, failed for 0
# Accounting: time=0 threads=1
# Ended (code 0) at Sat Feb 25 12:27:39 UTC 2023, elapsed time 0 seconds
