# lattice-best-path --lm-scale=7 --word-symbol-table=exp/tri1/graph/words.txt "ark:gunzip -c exp/tri1/decode/lat.*.gz|" ark,t:exp/tri1/decode/scoring/7.tra 
# Started at Sat Feb 25 12:27:38 UTC 2023
#
/opt/kaldi/kaldi/egs/digits/../../src/latbin/lattice-best-path --lm-scale=7 --word-symbol-table=exp/tri1/graph/words.txt 'ark:gunzip -c exp/tri1/decode/lat.*.gz|' ark,t:exp/tri1/decode/scoring/7.tra 
LOG (lattice-best-path[5.5.1013~1-d787]:main():lattice-best-path.cc:99) For utterance sung_test_utteranceID_0_9_8, best cost 179.174 + 22498 = 22677.2 over 310 frames.
sung_test_utteranceID_0_9_8 zero nine eight 
LOG (lattice-best-path[5.5.1013~1-d787]:main():lattice-best-path.cc:99) For utterance sung_test_utteranceID_1_0_9, best cost 182.191 + 26984.4 = 27166.6 over 357 frames.
sung_test_utteranceID_1_0_9 one zero nine 
LOG (lattice-best-path[5.5.1013~1-d787]:main():lattice-best-path.cc:99) For utterance sung_test_utteranceID_2_1_0, best cost 216.926 + 21418.6 = 21635.5 over 292 frames.
sung_test_utteranceID_2_1_0 three one zero 
LOG (lattice-best-path[5.5.1013~1-d787]:main():lattice-best-path.cc:99) For utterance sung_test_utteranceID_3_2_1, best cost 207.136 + 24147.1 = 24354.3 over 328 frames.
sung_test_utteranceID_3_2_1 zero two one 
LOG (lattice-best-path[5.5.1013~1-d787]:main():lattice-best-path.cc:99) For utterance sung_test_utteranceID_4_3_2, best cost 189.517 + 22604 = 22793.5 over 303 frames.
sung_test_utteranceID_4_3_2 four two 
LOG (lattice-best-path[5.5.1013~1-d787]:main():lattice-best-path.cc:99) For utterance sung_test_utteranceID_5_4_3, best cost 201.388 + 20542.3 = 20743.7 over 274 frames.
sung_test_utteranceID_5_4_3 four five four 
LOG (lattice-best-path[5.5.1013~1-d787]:main():lattice-best-path.cc:99) For utterance sung_test_utteranceID_6_5_4, best cost 229.565 + 25796.6 = 26026.2 over 340 frames.
sung_test_utteranceID_6_5_4 six four five four 
LOG (lattice-best-path[5.5.1013~1-d787]:main():lattice-best-path.cc:99) For utterance sung_test_utteranceID_7_6_5, best cost 253.761 + 23244.6 = 23498.3 over 300 frames.
sung_test_utteranceID_7_6_5 seven six six four five 
LOG (lattice-best-path[5.5.1013~1-d787]:main():lattice-best-path.cc:99) For utterance sung_test_utteranceID_8_7_6, best cost 216.076 + 28163.6 = 28379.7 over 369 frames.
sung_test_utteranceID_8_7_6 four nine seven six 
LOG (lattice-best-path[5.5.1013~1-d787]:main():lattice-best-path.cc:99) For utterance sung_test_utteranceID_9_8_7, best cost 176.661 + 23038.7 = 23215.4 over 295 frames.
sung_test_utteranceID_9_8_7 nine seven 
LOG (lattice-best-path[5.5.1013~1-d787]:main():lattice-best-path.cc:124) Overall cost per frame is 75.9124 = 0.647852 [graph] + 75.2645 [acoustic] over 3168 frames.
LOG (lattice-best-path[5.5.1013~1-d787]:main():lattice-best-path.cc:128) Done 10 lattices, failed for 0
# Accounting: time=0 threads=1
# Ended (code 0) at Sat Feb 25 12:27:38 UTC 2023, elapsed time 0 seconds
