# lattice-best-path --lm-scale=14 --word-symbol-table=exp/mono/graph/words.txt "ark:gunzip -c exp/mono/decode/lat.*.gz|" ark,t:exp/mono/decode/scoring/14.tra 
# Started at Sat Feb 25 12:26:39 UTC 2023
#
/opt/kaldi/kaldi/egs/digits/../../src/latbin/lattice-best-path --lm-scale=14 --word-symbol-table=exp/mono/graph/words.txt 'ark:gunzip -c exp/mono/decode/lat.*.gz|' ark,t:exp/mono/decode/scoring/14.tra 
LOG (lattice-best-path[5.5.1013~1-d787]:main():lattice-best-path.cc:99) For utterance sung_test_utteranceID_0_9_8, best cost 416.748 + 22563 = 22979.7 over 310 frames.
sung_test_utteranceID_0_9_8 zero nine eight 
LOG (lattice-best-path[5.5.1013~1-d787]:main():lattice-best-path.cc:99) For utterance sung_test_utteranceID_1_0_9, best cost 454.671 + 26969.9 = 27424.6 over 357 frames.
sung_test_utteranceID_1_0_9 one zero nine 
LOG (lattice-best-path[5.5.1013~1-d787]:main():lattice-best-path.cc:99) For utterance sung_test_utteranceID_2_1_0, best cost 414.456 + 21564.8 = 21979.2 over 292 frames.
sung_test_utteranceID_2_1_0 three one zero 
LOG (lattice-best-path[5.5.1013~1-d787]:main():lattice-best-path.cc:99) For utterance sung_test_utteranceID_3_2_1, best cost 402.775 + 24276.2 = 24679 over 328 frames.
sung_test_utteranceID_3_2_1 three two one 
LOG (lattice-best-path[5.5.1013~1-d787]:main():lattice-best-path.cc:99) For utterance sung_test_utteranceID_4_3_2, best cost 355.19 + 22717.4 = 23072.6 over 303 frames.
sung_test_utteranceID_4_3_2 four two 
LOG (lattice-best-path[5.5.1013~1-d787]:main():lattice-best-path.cc:99) For utterance sung_test_utteranceID_5_4_3, best cost 376.449 + 20650.6 = 21027 over 274 frames.
sung_test_utteranceID_5_4_3 five four 
LOG (lattice-best-path[5.5.1013~1-d787]:main():lattice-best-path.cc:99) For utterance sung_test_utteranceID_6_5_4, best cost 475.83 + 25841.5 = 26317.3 over 340 frames.
sung_test_utteranceID_6_5_4 seven five four 
LOG (lattice-best-path[5.5.1013~1-d787]:main():lattice-best-path.cc:99) For utterance sung_test_utteranceID_7_6_5, best cost 497.501 + 23317.6 = 23815.1 over 300 frames.
sung_test_utteranceID_7_6_5 seven seven four five 
LOG (lattice-best-path[5.5.1013~1-d787]:main():lattice-best-path.cc:99) For utterance sung_test_utteranceID_8_7_6, best cost 417.745 + 28093.5 = 28511.2 over 369 frames.
sung_test_utteranceID_8_7_6 eight seven six 
LOG (lattice-best-path[5.5.1013~1-d787]:main():lattice-best-path.cc:99) For utterance sung_test_utteranceID_9_8_7, best cost 319.027 + 23044.7 = 23363.7 over 295 frames.
sung_test_utteranceID_9_8_7 nine seven 
LOG (lattice-best-path[5.5.1013~1-d787]:main():lattice-best-path.cc:124) Overall cost per frame is 76.758 = 1.30379 [graph] + 75.4543 [acoustic] over 3168 frames.
LOG (lattice-best-path[5.5.1013~1-d787]:main():lattice-best-path.cc:128) Done 10 lattices, failed for 0
# Accounting: time=0 threads=1
# Ended (code 0) at Sat Feb 25 12:26:40 UTC 2023, elapsed time 0 seconds
