# lattice-best-path --lm-scale=8 --word-symbol-table=exp/mono/graph/words.txt "ark:gunzip -c exp/mono/decode/lat.*.gz|" ark,t:exp/mono/decode/scoring/8.tra 
# Started at Sat Feb 25 12:26:39 UTC 2023
#
/opt/kaldi/kaldi/egs/digits/../../src/latbin/lattice-best-path --lm-scale=8 --word-symbol-table=exp/mono/graph/words.txt 'ark:gunzip -c exp/mono/decode/lat.*.gz|' ark,t:exp/mono/decode/scoring/8.tra 
LOG (lattice-best-path[5.5.1013~1-d787]:main():lattice-best-path.cc:99) For utterance sung_test_utteranceID_0_9_8, best cost 238.142 + 22563 = 22801.1 over 310 frames.
sung_test_utteranceID_0_9_8 zero nine eight 
LOG (lattice-best-path[5.5.1013~1-d787]:main():lattice-best-path.cc:99) For utterance sung_test_utteranceID_1_0_9, best cost 298.028 + 26921.7 = 27219.7 over 357 frames.
sung_test_utteranceID_1_0_9 one zero nine eight 
LOG (lattice-best-path[5.5.1013~1-d787]:main():lattice-best-path.cc:99) For utterance sung_test_utteranceID_2_1_0, best cost 236.832 + 21564.8 = 21801.6 over 292 frames.
sung_test_utteranceID_2_1_0 three one zero 
LOG (lattice-best-path[5.5.1013~1-d787]:main():lattice-best-path.cc:99) For utterance sung_test_utteranceID_3_2_1, best cost 230.157 + 24276.2 = 24506.4 over 328 frames.
sung_test_utteranceID_3_2_1 three two one 
LOG (lattice-best-path[5.5.1013~1-d787]:main():lattice-best-path.cc:99) For utterance sung_test_utteranceID_4_3_2, best cost 202.966 + 22717.4 = 22920.4 over 303 frames.
sung_test_utteranceID_4_3_2 four two 
LOG (lattice-best-path[5.5.1013~1-d787]:main():lattice-best-path.cc:99) For utterance sung_test_utteranceID_5_4_3, best cost 215.114 + 20650.6 = 20865.7 over 274 frames.
sung_test_utteranceID_5_4_3 five four 
LOG (lattice-best-path[5.5.1013~1-d787]:main():lattice-best-path.cc:99) For utterance sung_test_utteranceID_6_5_4, best cost 311.714 + 25781.8 = 26093.5 over 340 frames.
sung_test_utteranceID_6_5_4 seven four five four 
LOG (lattice-best-path[5.5.1013~1-d787]:main():lattice-best-path.cc:99) For utterance sung_test_utteranceID_7_6_5, best cost 284.286 + 23317.6 = 23601.9 over 300 frames.
sung_test_utteranceID_7_6_5 seven seven four five 
LOG (lattice-best-path[5.5.1013~1-d787]:main():lattice-best-path.cc:99) For utterance sung_test_utteranceID_8_7_6, best cost 238.712 + 28093.5 = 28332.2 over 369 frames.
sung_test_utteranceID_8_7_6 eight seven six 
LOG (lattice-best-path[5.5.1013~1-d787]:main():lattice-best-path.cc:99) For utterance sung_test_utteranceID_9_8_7, best cost 182.301 + 23044.7 = 23227 over 295 frames.
sung_test_utteranceID_9_8_7 nine seven 
LOG (lattice-best-path[5.5.1013~1-d787]:main():lattice-best-path.cc:124) Overall cost per frame is 76.1899 = 0.76965 [graph] + 75.4202 [acoustic] over 3168 frames.
LOG (lattice-best-path[5.5.1013~1-d787]:main():lattice-best-path.cc:128) Done 10 lattices, failed for 0
# Accounting: time=0 threads=1
# Ended (code 0) at Sat Feb 25 12:26:39 UTC 2023, elapsed time 0 seconds
