# gmm-latgen-faster --max-active=7000 --beam=13.0 --lattice-beam=6.0 --acoustic-scale=0.083333 --allow-partial=true --word-symbol-table=exp/tri1/graph/words.txt exp/tri1/final.mdl exp/tri1/graph/HCLG.fst "ark,s,cs:apply-cmvn  --utt2spk=ark:data/test/split1/1/utt2spk scp:data/test/split1/1/cmvn.scp scp:data/test/split1/1/feats.scp ark:- | add-deltas  ark:- ark:- |" "ark:|gzip -c > exp/tri1/decode/lat.1.gz" 
# Started at Sat Feb 25 12:27:34 UTC 2023
#
/opt/kaldi/kaldi/egs/digits/../../src/gmmbin/gmm-latgen-faster --max-active=7000 --beam=13.0 --lattice-beam=6.0 --acoustic-scale=0.083333 --allow-partial=true --word-symbol-table=exp/tri1/graph/words.txt exp/tri1/final.mdl exp/tri1/graph/HCLG.fst 'ark,s,cs:apply-cmvn  --utt2spk=ark:data/test/split1/1/utt2spk scp:data/test/split1/1/cmvn.scp scp:data/test/split1/1/feats.scp ark:- | add-deltas  ark:- ark:- |' 'ark:|gzip -c > exp/tri1/decode/lat.1.gz' 
/opt/kaldi/kaldi/egs/digits/../../src/featbin//add-deltas ark:- ark:- 
/opt/kaldi/kaldi/egs/digits/../../src/featbin//apply-cmvn --utt2spk=ark:data/test/split1/1/utt2spk scp:data/test/split1/1/cmvn.scp scp:data/test/split1/1/feats.scp ark:- 
sung_test_utteranceID_0_9_8 zero nine eight 
LOG (gmm-latgen-faster[5.5.1013~1-d787]:DecodeUtteranceLatticeFaster():decoder-wrappers.cc:375) Log-like per frame for utterance sung_test_utteranceID_0_9_8 is -6.13039 over 310 frames.
sung_test_utteranceID_1_0_9 one zero nine 
LOG (gmm-latgen-faster[5.5.1013~1-d787]:DecodeUtteranceLatticeFaster():decoder-wrappers.cc:375) Log-like per frame for utterance sung_test_utteranceID_1_0_9 is -6.37176 over 357 frames.
sung_test_utteranceID_2_1_0 three one zero 
LOG (gmm-latgen-faster[5.5.1013~1-d787]:DecodeUtteranceLatticeFaster():decoder-wrappers.cc:375) Log-like per frame for utterance sung_test_utteranceID_2_1_0 is -6.21872 over 292 frames.
sung_test_utteranceID_3_2_1 three three one 
LOG (gmm-latgen-faster[5.5.1013~1-d787]:DecodeUtteranceLatticeFaster():decoder-wrappers.cc:375) Log-like per frame for utterance sung_test_utteranceID_3_2_1 is -6.22181 over 328 frames.
LOG (apply-cmvn[5.5.1013~1-d787]:main():apply-cmvn.cc:162) Applied cepstral mean normalization to 10 utterances, errors on 0
sung_test_utteranceID_4_3_2 four two 
LOG (gmm-latgen-faster[5.5.1013~1-d787]:DecodeUtteranceLatticeFaster():decoder-wrappers.cc:375) Log-like per frame for utterance sung_test_utteranceID_4_3_2 is -6.30604 over 303 frames.
sung_test_utteranceID_5_4_3 four five four 
LOG (gmm-latgen-faster[5.5.1013~1-d787]:DecodeUtteranceLatticeFaster():decoder-wrappers.cc:375) Log-like per frame for utterance sung_test_utteranceID_5_4_3 is -6.35264 over 274 frames.
sung_test_utteranceID_6_5_4 six four five four 
LOG (gmm-latgen-faster[5.5.1013~1-d787]:DecodeUtteranceLatticeFaster():decoder-wrappers.cc:375) Log-like per frame for utterance sung_test_utteranceID_6_5_4 is -6.41913 over 340 frames.
sung_test_utteranceID_7_6_5 seven six four five 
LOG (gmm-latgen-faster[5.5.1013~1-d787]:DecodeUtteranceLatticeFaster():decoder-wrappers.cc:375) Log-like per frame for utterance sung_test_utteranceID_7_6_5 is -6.57201 over 300 frames.
sung_test_utteranceID_8_7_6 nine seven six 
LOG (gmm-latgen-faster[5.5.1013~1-d787]:DecodeUtteranceLatticeFaster():decoder-wrappers.cc:375) Log-like per frame for utterance sung_test_utteranceID_8_7_6 is -6.4431 over 369 frames.
sung_test_utteranceID_9_8_7 nine seven 
LOG (gmm-latgen-faster[5.5.1013~1-d787]:DecodeUtteranceLatticeFaster():decoder-wrappers.cc:375) Log-like per frame for utterance sung_test_utteranceID_9_8_7 is -6.59364 over 295 frames.
LOG (gmm-latgen-faster[5.5.1013~1-d787]:main():gmm-latgen-faster.cc:176) Time taken 1.3863s: real-time factor assuming 100 frames/sec is 0.0437594
LOG (gmm-latgen-faster[5.5.1013~1-d787]:main():gmm-latgen-faster.cc:179) Done 10 utterances, failed for 0
LOG (gmm-latgen-faster[5.5.1013~1-d787]:main():gmm-latgen-faster.cc:181) Overall log-likelihood per frame is -6.36359 over 3168 frames.
# Accounting: time=2 threads=1
# Ended (code 0) at Sat Feb 25 12:27:36 UTC 2023, elapsed time 2 seconds
