# gmm-est --write-occs=exp/mono/15.occs --mix-up=473 --power=0.25 exp/mono/14.mdl "gmm-sum-accs - exp/mono/14.*.acc|" exp/mono/15.mdl 
# Started at Sat Feb 25 12:25:57 UTC 2023
#
/opt/kaldi/kaldi/egs/digits/../../src/gmmbin/gmm-est --write-occs=exp/mono/15.occs --mix-up=473 --power=0.25 exp/mono/14.mdl 'gmm-sum-accs - exp/mono/14.*.acc|' exp/mono/15.mdl 
/opt/kaldi/kaldi/egs/digits/../../src/gmmbin//gmm-sum-accs - exp/mono/14.1.acc 
LOG (gmm-sum-accs[5.5.1013~1-d787]:main():gmm-sum-accs.cc:63) Summed 1 stats, total count 3208, avg like/frame -69.9725
LOG (gmm-sum-accs[5.5.1013~1-d787]:main():gmm-sum-accs.cc:66) Total count of stats is 3208
LOG (gmm-sum-accs[5.5.1013~1-d787]:main():gmm-sum-accs.cc:67) Written stats to -
LOG (gmm-est[5.5.1013~1-d787]:MleUpdate():transition-model.cc:528) TransitionModel::Update, objf change is 2.22102e-05 per frame over 3208 frames. 
LOG (gmm-est[5.5.1013~1-d787]:MleUpdate():transition-model.cc:531) 6 probabilities floored, 214 out of 290 transition-states skipped due to insuffient data (it is normal to have some skipped.)
LOG (gmm-est[5.5.1013~1-d787]:main():gmm-est.cc:102) Transition model update: Overall 2.22102e-05 log-like improvement per frame over 3208 frames.
WARNING (gmm-est[5.5.1013~1-d787]:MleDiagGmmUpdate():mle-diag-gmm.cc:359) Too little data - removing Gaussian (weight 0.118966, occupation count 9.993111, vector size 39)
WARNING (gmm-est[5.5.1013~1-d787]:MleDiagGmmUpdate():mle-diag-gmm.cc:359) Too little data - removing Gaussian (weight 0.017416, occupation count 9.944687, vector size 39)
WARNING (gmm-est[5.5.1013~1-d787]:MleDiagGmmUpdate():mle-diag-gmm.cc:365) Gaussian has too little data but not removing it because it is the last Gaussian: i = 0, occ = 0, weight = 1
WARNING (gmm-est[5.5.1013~1-d787]:MleDiagGmmUpdate():mle-diag-gmm.cc:365) Gaussian has too little data but not removing it because it is the last Gaussian: i = 0, occ = 0, weight = 1
WARNING (gmm-est[5.5.1013~1-d787]:MleDiagGmmUpdate():mle-diag-gmm.cc:365) Gaussian has too little data but not removing it because it is the last Gaussian: i = 0, occ = 0, weight = 1
WARNING (gmm-est[5.5.1013~1-d787]:MleDiagGmmUpdate():mle-diag-gmm.cc:365) Gaussian has too little data but not removing it because it is the last Gaussian: i = 0, occ = 0, weight = 1
WARNING (gmm-est[5.5.1013~1-d787]:MleDiagGmmUpdate():mle-diag-gmm.cc:365) Gaussian has too little data but not removing it because it is the last Gaussian: i = 0, occ = 0, weight = 1
WARNING (gmm-est[5.5.1013~1-d787]:MleDiagGmmUpdate():mle-diag-gmm.cc:365) Gaussian has too little data but not removing it because it is the last Gaussian: i = 0, occ = 6, weight = 1
WARNING (gmm-est[5.5.1013~1-d787]:MleDiagGmmUpdate():mle-diag-gmm.cc:365) Gaussian has too little data but not removing it because it is the last Gaussian: i = 0, occ = 2, weight = 1
WARNING (gmm-est[5.5.1013~1-d787]:MleDiagGmmUpdate():mle-diag-gmm.cc:365) Gaussian has too little data but not removing it because it is the last Gaussian: i = 0, occ = 3, weight = 1
WARNING (gmm-est[5.5.1013~1-d787]:MleDiagGmmUpdate():mle-diag-gmm.cc:365) Gaussian has too little data but not removing it because it is the last Gaussian: i = 0, occ = 5, weight = 1
WARNING (gmm-est[5.5.1013~1-d787]:MleDiagGmmUpdate():mle-diag-gmm.cc:365) Gaussian has too little data but not removing it because it is the last Gaussian: i = 0, occ = 9, weight = 1
WARNING (gmm-est[5.5.1013~1-d787]:MleDiagGmmUpdate():mle-diag-gmm.cc:365) Gaussian has too little data but not removing it because it is the last Gaussian: i = 0, occ = 4, weight = 1
WARNING (gmm-est[5.5.1013~1-d787]:MleDiagGmmUpdate():mle-diag-gmm.cc:365) Gaussian has too little data but not removing it because it is the last Gaussian: i = 0, occ = 8, weight = 1
WARNING (gmm-est[5.5.1013~1-d787]:MleDiagGmmUpdate():mle-diag-gmm.cc:365) Gaussian has too little data but not removing it because it is the last Gaussian: i = 0, occ = 6, weight = 1
LOG (gmm-est[5.5.1013~1-d787]:MleAmDiagGmmUpdate():mle-am-diag-gmm.cc:225) 0 variance elements floored in 0 Gaussians, out of 158
LOG (gmm-est[5.5.1013~1-d787]:MleAmDiagGmmUpdate():mle-am-diag-gmm.cc:229) Removed 2 Gaussians due to counts < --min-gaussian-occupancy=10 and --remove-low-count-gaussians=true
LOG (gmm-est[5.5.1013~1-d787]:main():gmm-est.cc:113) GMM update: Overall 0.0154338 objective function improvement per frame over 3208 frames
LOG (gmm-est[5.5.1013~1-d787]:main():gmm-est.cc:116) GMM update: Overall avg like per frame = -69.9725 over 3208 frames.
WARNING (gmm-est[5.5.1013~1-d787]:GetSplitTargets():model-common.cc:134) Could not split up to 473 due to min-count = 20 (or no counts at all)

LOG (gmm-est[5.5.1013~1-d787]:SplitByCount():am-diag-gmm.cc:116) Split 70 states with target = 473, power = 0.25, perturb_factor = 0.01 and min_count = 20, split #Gauss from 158 to 160
LOG (gmm-est[5.5.1013~1-d787]:main():gmm-est.cc:146) Written model to exp/mono/15.mdl
# Accounting: time=1 threads=1
# Ended (code 0) at Sat Feb 25 12:25:58 UTC 2023, elapsed time 1 seconds
