# compute-mfcc-feats --verbose=2 --config=conf/mfcc.conf scp,p:exp/make_mfcc/train/wav_train.1.scp ark:- | copy-feats --compress=true ark:- ark,scp:/opt/kaldi/kaldi/egs/digits/mfcc/raw_mfcc_train.1.ark,/opt/kaldi/kaldi/egs/digits/mfcc/raw_mfcc_train.1.scp 
# Started at Sat Feb 25 12:25:22 UTC 2023
#
/opt/kaldi/kaldi/egs/digits/../../src/featbin/copy-feats --compress=true ark:- ark,scp:/opt/kaldi/kaldi/egs/digits/mfcc/raw_mfcc_train.1.ark,/opt/kaldi/kaldi/egs/digits/mfcc/raw_mfcc_train.1.scp 
/opt/kaldi/kaldi/egs/digits/../../src/featbin/compute-mfcc-feats --verbose=2 --config=conf/mfcc.conf scp,p:exp/make_mfcc/train/wav_train.1.scp ark:- 
VLOG[2] (compute-mfcc-feats[5.5.1013~1-d787]:main():compute-mfcc-feats.cc:182) Processed features for key sung_train_utteranceID_0_1_2
VLOG[2] (compute-mfcc-feats[5.5.1013~1-d787]:main():compute-mfcc-feats.cc:182) Processed features for key sung_train_utteranceID_1_2_3
VLOG[2] (compute-mfcc-feats[5.5.1013~1-d787]:main():compute-mfcc-feats.cc:182) Processed features for key sung_train_utteranceID_2_3_4
VLOG[2] (compute-mfcc-feats[5.5.1013~1-d787]:main():compute-mfcc-feats.cc:182) Processed features for key sung_train_utteranceID_3_4_5
VLOG[2] (compute-mfcc-feats[5.5.1013~1-d787]:main():compute-mfcc-feats.cc:182) Processed features for key sung_train_utteranceID_4_5_6
VLOG[2] (compute-mfcc-feats[5.5.1013~1-d787]:main():compute-mfcc-feats.cc:182) Processed features for key sung_train_utteranceID_5_6_7
VLOG[2] (compute-mfcc-feats[5.5.1013~1-d787]:main():compute-mfcc-feats.cc:182) Processed features for key sung_train_utteranceID_6_7_8
VLOG[2] (compute-mfcc-feats[5.5.1013~1-d787]:main():compute-mfcc-feats.cc:182) Processed features for key sung_train_utteranceID_7_8_9
VLOG[2] (compute-mfcc-feats[5.5.1013~1-d787]:main():compute-mfcc-feats.cc:182) Processed features for key sung_train_utteranceID_8_9_0
LOG (compute-mfcc-feats[5.5.1013~1-d787]:main():compute-mfcc-feats.cc:181) Processed 10 utterances
VLOG[2] (compute-mfcc-feats[5.5.1013~1-d787]:main():compute-mfcc-feats.cc:182) Processed features for key sung_train_utteranceID_9_0_1
LOG (compute-mfcc-feats[5.5.1013~1-d787]:main():compute-mfcc-feats.cc:185)  Done 10 out of 10 utterances.
LOG (copy-feats[5.5.1013~1-d787]:main():copy-feats.cc:143) Copied 10 feature matrices.
# Accounting: time=1 threads=1
# Ended (code 0) at Sat Feb 25 12:25:23 UTC 2023, elapsed time 1 seconds
